2024-01-19 00:09:32 Produced message on topic user-tracker with value of {"user_id": 49942, "user_name": "Andrea Davis", "user_address": "356 Aguirre Isle | Gutierrezbury | IS", "platform": "Laptop", "signup_at": "2024-01-07 04:05:29"}

2024-01-19 00:09:36 Produced message on topic user-tracker with value of {"user_id": 44000, "user_name": "Johnathan Simpson", "user_address": "94514 Cabrera Key | Chambersburgh | LS", "platform": "Laptop", "signup_at": "2024-01-11 21:38:31"}

2024-01-19 00:09:40 Produced message on topic user-tracker with value of {"user_id": 81427, "user_name": "Kayla Black", "user_address": "986 Palmer Parkway | North Robert | OM", "platform": "Tablet", "signup_at": "2024-01-15 17:28:40"}

2024-01-19 00:09:44 Produced message on topic user-tracker with value of {"user_id": 77450, "user_name": "Melissa Kim", "user_address": "70201 Roman Forest | Sarahmouth | TL", "platform": "Mobile", "signup_at": "2024-01-18 20:40:49"}

2024-01-19 00:09:48 Produced message on topic user-tracker with value of {"user_id": 42228, "user_name": "Dana Gonzalez", "user_address": "69501 Juan River Apt. 611 | West Sylvia | TJ", "platform": "Tablet", "signup_at": "2024-01-14 04:33:37"}

2024-01-19 00:09:52 Produced message on topic user-tracker with value of {"user_id": 86990, "user_name": "Lacey Davis", "user_address": "66273 Cook Square | Olsontown | PK", "platform": "Laptop", "signup_at": "2024-01-17 17:51:27"}

2024-01-19 00:09:56 Produced message on topic user-tracker with value of {"user_id": 38304, "user_name": "Richard Ellis", "user_address": "66343 Linda Freeway Suite 944 | Pruitttown | ID", "platform": "Tablet", "signup_at": "2024-01-04 06:12:38"}

2024-01-19 00:10:00 Produced message on topic user-tracker with value of {"user_id": 54113, "user_name": "Shannon Haley", "user_address": "40729 Carey Corner | New Kristenview | AT", "platform": "Laptop", "signup_at": "2024-01-09 14:45:00"}

2024-01-19 00:10:04 Produced message on topic user-tracker with value of {"user_id": 88125, "user_name": "Angelica David", "user_address": "890 Marshall Crest | South Michelle | BO", "platform": "Laptop", "signup_at": "2024-01-16 19:06:58"}

2024-01-19 00:10:08 Produced message on topic user-tracker with value of {"user_id": 77338, "user_name": "Michelle Goodwin", "user_address": "36285 Hector Neck | Port Julieton | BB", "platform": "Mobile", "signup_at": "2024-01-01 22:59:01"}

2024-01-19 00:10:12 Produced message on topic user-tracker with value of {"user_id": 25041, "user_name": "Sara Davies", "user_address": "5845 Morris Avenue | Richardsonchester | HR", "platform": "Tablet", "signup_at": "2024-01-12 16:06:33"}

2024-01-19 00:10:16 Produced message on topic user-tracker with value of {"user_id": 81228, "user_name": "Daniel Bradshaw", "user_address": "995 Sonia Via | New Claudiastad | AG", "platform": "Mobile", "signup_at": "2024-01-03 04:02:26"}

2024-01-19 00:10:20 Produced message on topic user-tracker with value of {"user_id": 76473, "user_name": "Bradley Aguirre", "user_address": "07739 William Unions | Port Jillside | UG", "platform": "Laptop", "signup_at": "2024-01-03 14:17:25"}

2024-01-19 00:10:24 Produced message on topic user-tracker with value of {"user_id": 21822, "user_name": "Jeffrey Kerr", "user_address": "949 Ryan Row | New Allisonborough | JP", "platform": "Tablet", "signup_at": "2024-01-02 05:54:36"}

2024-01-19 00:10:28 Produced message on topic user-tracker with value of {"user_id": 32442, "user_name": "Mark Bryant", "user_address": "53793 Brooks Lights | Kimberlyland | MN", "platform": "Laptop", "signup_at": "2024-01-12 15:35:00"}

2024-01-19 00:10:32 Produced message on topic user-tracker with value of {"user_id": 33351, "user_name": "Connie Reynolds", "user_address": "61598 Christopher Tunnel | East Matthewmouth | UA", "platform": "Mobile", "signup_at": "2024-01-16 06:42:28"}

2024-01-19 00:10:36 Produced message on topic user-tracker with value of {"user_id": 53288, "user_name": "Matthew Smith", "user_address": "10253 Lauren Junctions Apt. 102 | South Kenneth | PL", "platform": "Laptop", "signup_at": "2024-01-15 13:37:10"}

2024-01-19 00:10:40 Produced message on topic user-tracker with value of {"user_id": 58038, "user_name": "Ricardo Bryan", "user_address": "951 Russell Forks Suite 829 | Jonesburgh | QA", "platform": "Mobile", "signup_at": "2024-01-18 15:08:53"}

2024-01-19 00:10:44 Produced message on topic user-tracker with value of {"user_id": 54560, "user_name": "Seth Pearson", "user_address": "8524 Lisa Loaf Suite 166 | East Michael | MA", "platform": "Tablet", "signup_at": "2024-01-09 23:17:02"}

2024-01-19 00:10:48 Produced message on topic user-tracker with value of {"user_id": 72042, "user_name": "Cole Brown", "user_address": "004 Crystal Villages Apt. 832 | Alexischester | ST", "platform": "Mobile", "signup_at": "2024-01-09 11:45:33"}

2024-01-19 00:10:52 Produced message on topic user-tracker with value of {"user_id": 59073, "user_name": "Melanie Parker", "user_address": "3492 Hubbard Island | New Randy | CO", "platform": "Mobile", "signup_at": "2024-01-01 10:52:02"}

2024-01-19 00:10:56 Produced message on topic user-tracker with value of {"user_id": 65472, "user_name": "Joshua Ibarra", "user_address": "9781 Gentry Manors | Davistown | MD", "platform": "Laptop", "signup_at": "2024-01-03 23:56:03"}

2024-01-19 00:11:00 Produced message on topic user-tracker with value of {"user_id": 81499, "user_name": "Vanessa Porter", "user_address": "7618 Case Springs Suite 263 | Lake Elizabethport | VC", "platform": "Tablet", "signup_at": "2024-01-03 15:55:23"}

2024-01-19 00:11:04 Produced message on topic user-tracker with value of {"user_id": 96310, "user_name": "Robert Riddle", "user_address": "1922 Moore Way Suite 127 | Lake Joshua | MC", "platform": "Mobile", "signup_at": "2024-01-08 13:16:09"}

2024-01-19 00:11:08 Produced message on topic user-tracker with value of {"user_id": 53905, "user_name": "Joshua Martinez", "user_address": "133 Robin Mount | Lewistown | IQ", "platform": "Tablet", "signup_at": "2024-01-12 08:11:54"}

2024-01-19 00:11:12 Produced message on topic user-tracker with value of {"user_id": 91548, "user_name": "Thomas Cook", "user_address": "2270 Smith Drive | Thompsonbury | SG", "platform": "Tablet", "signup_at": "2024-01-17 17:00:37"}

2024-01-19 00:11:17 Produced message on topic user-tracker with value of {"user_id": 24715, "user_name": "Mark Martin", "user_address": "0529 Rodriguez Turnpike | Port Patriciashire | AE", "platform": "Mobile", "signup_at": "2024-01-10 13:02:08"}

2024-01-19 00:11:21 Produced message on topic user-tracker with value of {"user_id": 40114, "user_name": "Chase Rodriguez", "user_address": "197 Benson Mountain Apt. 202 | South Alex | EE", "platform": "Tablet", "signup_at": "2024-01-13 08:22:38"}

2024-01-19 00:11:25 Produced message on topic user-tracker with value of {"user_id": 47119, "user_name": "Shelby Martin MD", "user_address": "0897 Brittany Hill Suite 320 | Catherinechester | VA", "platform": "Mobile", "signup_at": "2024-01-09 01:05:37"}

2024-01-19 00:11:29 Produced message on topic user-tracker with value of {"user_id": 97195, "user_name": "Jerry Perry", "user_address": "1429 Schroeder Wells Apt. 929 | Port Jenniferton | KI", "platform": "Tablet", "signup_at": "2024-01-08 13:19:19"}

2024-01-19 00:11:33 Produced message on topic user-tracker with value of {"user_id": 58000, "user_name": "Holly Tyler", "user_address": "4270 Cook Crescent | Lake Alexandria | TL", "platform": "Tablet", "signup_at": "2024-01-15 17:57:37"}

2024-01-19 00:11:37 Produced message on topic user-tracker with value of {"user_id": 45274, "user_name": "David Gilbert", "user_address": "393 Omar Greens | Jaimebury | CG", "platform": "Mobile", "signup_at": "2024-01-10 05:07:10"}

2024-01-19 00:11:41 Produced message on topic user-tracker with value of {"user_id": 93653, "user_name": "Gregory Hammond", "user_address": "14737 Arnold Views Suite 468 | Sanchezton | GE", "platform": "Tablet", "signup_at": "2024-01-15 16:58:03"}

2024-01-19 00:11:45 Produced message on topic user-tracker with value of {"user_id": 49529, "user_name": "Christina Edwards", "user_address": "02051 Walker Mews | Sydneyberg | PA", "platform": "Laptop", "signup_at": "2024-01-01 06:28:49"}

